Using pre-set license
Built from '2020.3/staging' branch; Version is '2020.3.24f1 (79c78de19888) revision 7980941'; Using compiler version '192528614'; Build Type 'Release'
OS: 'Windows 10  (10.0.19044) 64bit Core' Language: 'en' Physical Memory: 32689 MB
BatchMode: 1, IsHumanControllingUs: 0, StartBugReporterOnCrash: 0, Is64bit: 1, IsPro: 0

COMMAND LINE ARGUMENTS:
C:\Program Files\Unity\Hub\Editor\2020.3.24f1\Editor\Unity.exe
-adb2
-batchMode
-noUpm
-name
AssetImportWorker0
-projectPath
C:/Users/trand/Documents/GitHub/GD2P01_Assessment_1/GD2P01 - Assessment 1
-logFile
Logs/AssetImportWorker0.log
-srvPort
51360
Successfully changed project path to: C:/Users/trand/Documents/GitHub/GD2P01_Assessment_1/GD2P01 - Assessment 1
C:/Users/trand/Documents/GitHub/GD2P01_Assessment_1/GD2P01 - Assessment 1
Using Asset Import Pipeline V2.
Refreshing native plugins compatible for Editor in 34.45 ms, found 3 plugins.
Preloading 0 native plugins for Editor in 0.00 ms.
Initialize engine version: 2020.3.24f1 (79c78de19888)
[Subsystems] Discovering subsystems at path C:/Program Files/Unity/Hub/Editor/2020.3.24f1/Editor/Data/Resources/UnitySubsystems
[Subsystems] Discovering subsystems at path C:/Users/trand/Documents/GitHub/GD2P01_Assessment_1/GD2P01 - Assessment 1/Assets
GfxDevice: creating device client; threaded=0
Direct3D:
    Version:  Direct3D 11.0 [level 11.1]
    Renderer: NVIDIA GeForce RTX 3090 (ID=0x2204)
    Vendor:   
    VRAM:     24348 MB
    Driver:   30.0.14.7247
Initialize mono
Mono path[0] = 'C:/Program Files/Unity/Hub/Editor/2020.3.24f1/Editor/Data/Managed'
Mono path[1] = 'C:/Program Files/Unity/Hub/Editor/2020.3.24f1/Editor/Data/MonoBleedingEdge/lib/mono/unityjit'
Mono config path = 'C:/Program Files/Unity/Hub/Editor/2020.3.24f1/Editor/Data/MonoBleedingEdge/etc'
Using monoOptions --debugger-agent=transport=dt_socket,embedding=1,server=y,suspend=n,address=127.0.0.1:56820
Begin MonoManager ReloadAssembly
Registering precompiled unity dll's ...
Register platform support module: C:/Program Files/Unity/Hub/Editor/2020.3.24f1/Editor/Data/PlaybackEngines/MacStandaloneSupport/UnityEditor.OSXStandalone.Extensions.dll
Register platform support module: C:/Program Files/Unity/Hub/Editor/2020.3.24f1/Editor/Data/PlaybackEngines/WindowsStandaloneSupport/UnityEditor.WindowsStandalone.Extensions.dll
Registered in 0.001939 seconds.
Native extension for WindowsStandalone target not found
Native extension for OSXStandalone target not found
Refreshing native plugins compatible for Editor in 33.11 ms, found 3 plugins.
Preloading 0 native plugins for Editor in 0.00 ms.
Mono: successfully reloaded assembly
- Completed reload, in  0.458 seconds
Domain Reload Profiling:
	ReloadAssembly (458ms)
		BeginReloadAssembly (42ms)
			ExecutionOrderSort (0ms)
			DisableScriptedObjects (0ms)
			BackupInstance (0ms)
			ReleaseScriptingObjects (0ms)
			CreateAndSetChildDomain (1ms)
		EndReloadAssembly (355ms)
			LoadAssemblies (40ms)
			RebuildTransferFunctionScriptingTraits (0ms)
			SetupTypeCache (116ms)
			ReleaseScriptCaches (0ms)
			RebuildScriptCaches (25ms)
			SetupLoadedEditorAssemblies (134ms)
				LogAssemblyErrors (0ms)
				InitializePlatformSupportModulesInManaged (4ms)
				SetLoadedEditorAssemblies (0ms)
				RefreshPlugins (33ms)
				BeforeProcessingInitializeOnLoad (11ms)
				ProcessInitializeOnLoadAttributes (64ms)
				ProcessInitializeOnLoadMethodAttributes (21ms)
				AfterProcessingInitializeOnLoad (0ms)
				EditorAssembliesLoaded (0ms)
			ExecutionOrderSort2 (0ms)
			AwakeInstancesAfterBackupRestoration (0ms)
Platform modules already initialized, skipping
Registering precompiled user dll's ...
Registered in 0.003627 seconds.
Begin MonoManager ReloadAssembly
Native extension for WindowsStandalone target not found
Native extension for OSXStandalone target not found
Refreshing native plugins compatible for Editor in 0.40 ms, found 3 plugins.
Preloading 0 native plugins for Editor in 0.00 ms.
Mono: successfully reloaded assembly
- Completed reload, in  0.788 seconds
Domain Reload Profiling:
	ReloadAssembly (789ms)
		BeginReloadAssembly (113ms)
			ExecutionOrderSort (0ms)
			DisableScriptedObjects (4ms)
			BackupInstance (0ms)
			ReleaseScriptingObjects (0ms)
			CreateAndSetChildDomain (15ms)
		EndReloadAssembly (624ms)
			LoadAssemblies (65ms)
			RebuildTransferFunctionScriptingTraits (0ms)
			SetupTypeCache (216ms)
			ReleaseScriptCaches (0ms)
			RebuildScriptCaches (34ms)
			SetupLoadedEditorAssemblies (236ms)
				LogAssemblyErrors (0ms)
				InitializePlatformSupportModulesInManaged (4ms)
				SetLoadedEditorAssemblies (0ms)
				RefreshPlugins (0ms)
				BeforeProcessingInitializeOnLoad (61ms)
				ProcessInitializeOnLoadAttributes (158ms)
				ProcessInitializeOnLoadMethodAttributes (6ms)
				AfterProcessingInitializeOnLoad (5ms)
				EditorAssembliesLoaded (0ms)
			ExecutionOrderSort2 (0ms)
			AwakeInstancesAfterBackupRestoration (5ms)
Platform modules already initialized, skipping
========================================================================
Worker process is ready to serve import requests
Launched and connected shader compiler UnityShaderCompiler.exe after 0.04 seconds
Refreshing native plugins compatible for Editor in 0.36 ms, found 3 plugins.
Preloading 0 native plugins for Editor in 0.00 ms.
Unloading 1807 Unused Serialized files (Serialized files now loaded: 0)
System memory in use before: 81.7 MB.
System memory in use after: 81.8 MB.

Unloading 21 unused Assets to reduce memory usage. Loaded Objects now: 2237.
Total: 2.608500 ms (FindLiveObjects: 0.152000 ms CreateObjectMapping: 0.036700 ms MarkObjects: 2.361800 ms  DeleteObjects: 0.057000 ms)

AssetImportParameters requested are different than current active one (requested -> active):
  custom:framework-win-MediaFoundation: 216162199b28c13a410421893ffa2e32 -> 
  custom:video-decoder-ogg-theora: a1e56fd34408186e4bbccfd4996cb3dc -> 
  custom:container-muxer-webm: aa71ff27fc2769a1b78a27578f13a17b -> 
  custom:container-demuxer-webm: 4f35f7cbe854078d1ac9338744f61a02 -> 
  custom:container-demuxer-ogg: 62fdf1f143b41e24485cea50d1cbac27 -> 
  custom:video-encoder-webm-vp8: eb34c28f22e8b96e1ab97ce403110664 -> 
  custom:video-decoder-webm-vp8: 9c59270c3fd7afecdb556c50c9e8de78 -> 
  custom:audio-decoder-ogg-vorbis: bf7c407c2cedff20999df2af8eb42d56 -> 
  custom:audio-encoder-webm-vorbis: bf7c407c2cedff20999df2af8eb42d56 -> 
========================================================================
Received Import Request.
  path: Assets/Prefabs/Swat.prefab
  artifactKey: Guid(b4fa843d56549894f8a6432558e3444e) Importer(815301076,1909f56bfc062723c751e8b465ee728b)
Start importing Assets/Prefabs/Swat.prefab using Guid(b4fa843d56549894f8a6432558e3444e) Importer(815301076,1909f56bfc062723c751e8b465ee728b)  -> (artifact id: '0519f13ae83a8a17cbd77449bfd25349') in 0.233681 seconds 
  Import took 0.236236 seconds .

========================================================================
Received Import Request.
  Time since last request: 0.000178 seconds.
  path: Assets/Prefabs/Player.prefab
  artifactKey: Guid(6c57573b3baf60c43b2beb99c59def0e) Importer(815301076,1909f56bfc062723c751e8b465ee728b)
Start importing Assets/Prefabs/Player.prefab using Guid(6c57573b3baf60c43b2beb99c59def0e) Importer(815301076,1909f56bfc062723c751e8b465ee728b)  -> (artifact id: '637aff31b485532a9dbae07770a287f2') in 0.013297 seconds 
  Import took 0.015878 seconds .

========================================================================
Received Import Request.
  Time since last request: 0.000160 seconds.
  path: Assets/Prefabs/WayPoint.prefab
  artifactKey: Guid(80de9490924dee7459168bb5f683de8b) Importer(815301076,1909f56bfc062723c751e8b465ee728b)
Start importing Assets/Prefabs/WayPoint.prefab using Guid(80de9490924dee7459168bb5f683de8b) Importer(815301076,1909f56bfc062723c751e8b465ee728b)  -> (artifact id: '167d31b774650c8c24b6537b13a86614') in 0.007230 seconds 
  Import took 0.009166 seconds .

========================================================================
Received Import Request.
  Time since last request: 0.000179 seconds.
  path: Assets/Prefabs/VentCover.prefab
  artifactKey: Guid(300fe943029abfb49bedba6db2ffddca) Importer(815301076,1909f56bfc062723c751e8b465ee728b)
Start importing Assets/Prefabs/VentCover.prefab using Guid(300fe943029abfb49bedba6db2ffddca) Importer(815301076,1909f56bfc062723c751e8b465ee728b)  -> (artifact id: '37e81e617bd447457428a67556844db3') in 0.018748 seconds 
  Import took 0.021344 seconds .

========================================================================
Received Import Request.
  Time since last request: 0.000151 seconds.
  path: Assets/Prefabs/AlarmButton.prefab
  artifactKey: Guid(096fb170715a08e4f937dd0c8e9c2cc4) Importer(815301076,1909f56bfc062723c751e8b465ee728b)
Start importing Assets/Prefabs/AlarmButton.prefab using Guid(096fb170715a08e4f937dd0c8e9c2cc4) Importer(815301076,1909f56bfc062723c751e8b465ee728b)  -> (artifact id: 'c49f579b17ebf70d9ae5f94857f024f6') in 0.009591 seconds 
  Import took 0.011729 seconds .

========================================================================
Received Import Request.
  Time since last request: 0.000143 seconds.
  path: Assets/Prefabs/Gun.prefab
  artifactKey: Guid(0d173d7101405a347ac127841c2f4181) Importer(815301076,1909f56bfc062723c751e8b465ee728b)
Start importing Assets/Prefabs/Gun.prefab using Guid(0d173d7101405a347ac127841c2f4181) Importer(815301076,1909f56bfc062723c751e8b465ee728b)  -> (artifact id: 'bbdc0371548b443081b5a0b8c958ab16') in 0.011426 seconds 
  Import took 0.013801 seconds .

========================================================================
Received Import Request.
  Time since last request: 0.000154 seconds.
  path: Assets/Prefabs/Door.prefab
  artifactKey: Guid(b21030ccb4faf3046a5dfa2a22801b32) Importer(815301076,1909f56bfc062723c751e8b465ee728b)
Start importing Assets/Prefabs/Door.prefab using Guid(b21030ccb4faf3046a5dfa2a22801b32) Importer(815301076,1909f56bfc062723c751e8b465ee728b)  -> (artifact id: '633deef7807a150ef1b911b3ec521b44') in 0.011983 seconds 
  Import took 0.014393 seconds .

========================================================================
Received Import Request.
  Time since last request: 0.000150 seconds.
  path: Assets/Prefabs/EnemyBullet.prefab
  artifactKey: Guid(4fb7f5a8ce9750441816f517b0c5fb6b) Importer(815301076,1909f56bfc062723c751e8b465ee728b)
Start importing Assets/Prefabs/EnemyBullet.prefab using Guid(4fb7f5a8ce9750441816f517b0c5fb6b) Importer(815301076,1909f56bfc062723c751e8b465ee728b)  -> (artifact id: '96de4fb3f2373c1fca41ba9ee7836461') in 0.011296 seconds 
  Import took 0.013870 seconds .

========================================================================
Received Import Request.
  Time since last request: 0.000161 seconds.
  path: Assets/Prefabs/Window.prefab
  artifactKey: Guid(8f56491149c280349b855749eb369ae7) Importer(815301076,1909f56bfc062723c751e8b465ee728b)
Start importing Assets/Prefabs/Window.prefab using Guid(8f56491149c280349b855749eb369ae7) Importer(815301076,1909f56bfc062723c751e8b465ee728b)  -> (artifact id: 'bce27f166a4c47570c47fd6798c652b6') in 0.177038 seconds 
  Import took 0.180040 seconds .

========================================================================
Received Import Request.
  Time since last request: 0.000156 seconds.
  path: Assets/Prefabs/Enemy.prefab
  artifactKey: Guid(24cbccc1806e1834bb1bce1a5324abcc) Importer(815301076,1909f56bfc062723c751e8b465ee728b)
Start importing Assets/Prefabs/Enemy.prefab using Guid(24cbccc1806e1834bb1bce1a5324abcc) Importer(815301076,1909f56bfc062723c751e8b465ee728b)  -> (artifact id: '163f26133e0c780a512ba83fcc2685da') in 0.015910 seconds 
  Import took 0.018714 seconds .

========================================================================
Received Import Request.
  Time since last request: 0.000151 seconds.
  path: Assets/Prefabs/SwatVan.prefab
  artifactKey: Guid(c9fb931017901d74195b8f415990ab97) Importer(815301076,1909f56bfc062723c751e8b465ee728b)
Start importing Assets/Prefabs/SwatVan.prefab using Guid(c9fb931017901d74195b8f415990ab97) Importer(815301076,1909f56bfc062723c751e8b465ee728b)  -> (artifact id: '3b916da5df5c2cbb2b3defa2298726f9') in 0.009148 seconds 
  Import took 0.011472 seconds .

========================================================================
Received Import Request.
  Time since last request: 0.000133 seconds.
  path: Assets/Prefabs/Bullet.prefab
  artifactKey: Guid(4e92372badd431647be24e55ded8b7fc) Importer(815301076,1909f56bfc062723c751e8b465ee728b)
Start importing Assets/Prefabs/Bullet.prefab using Guid(4e92372badd431647be24e55ded8b7fc) Importer(815301076,1909f56bfc062723c751e8b465ee728b)  -> (artifact id: '74766fbf54f48b2add56471c950a1607') in 0.010045 seconds 
  Import took 0.012654 seconds .

========================================================================
Received Import Request.
  Time since last request: 11.228020 seconds.
  path: Assets/Scenes
  artifactKey: Guid(d4b2f41b0afea8e43a645d0dbb124c10) Importer(815301076,1909f56bfc062723c751e8b465ee728b)
Start importing Assets/Scenes using Guid(d4b2f41b0afea8e43a645d0dbb124c10) Importer(815301076,1909f56bfc062723c751e8b465ee728b)  -> (artifact id: '7f6068594f39c6c1b36373952f26fda6') in 0.005681 seconds 
  Import took 0.008195 seconds .

========================================================================
Received Import Request.
  Time since last request: 0.621069 seconds.
  path: Assets/Scenes/SampleScene.unity
  artifactKey: Guid(9fc0d4010bbf28b4594072e72b8655ab) Importer(815301076,1909f56bfc062723c751e8b465ee728b)
Start importing Assets/Scenes/SampleScene.unity using Guid(9fc0d4010bbf28b4594072e72b8655ab) Importer(815301076,1909f56bfc062723c751e8b465ee728b)  -> (artifact id: '941781fddb35130f5b04008b510c4b08') in 0.006090 seconds 
  Import took 0.008746 seconds .

========================================================================
Received Prepare
Registering precompiled user dll's ...
Registered in 0.003676 seconds.
Begin MonoManager ReloadAssembly
Native extension for WindowsStandalone target not found
Native extension for OSXStandalone target not found
Refreshing native plugins compatible for Editor in 0.38 ms, found 3 plugins.
Preloading 0 native plugins for Editor in 0.00 ms.
Mono: successfully reloaded assembly
- Completed reload, in  0.740 seconds
Domain Reload Profiling:
	ReloadAssembly (740ms)
		BeginReloadAssembly (85ms)
			ExecutionOrderSort (0ms)
			DisableScriptedObjects (3ms)
			BackupInstance (0ms)
			ReleaseScriptingObjects (0ms)
			CreateAndSetChildDomain (25ms)
		EndReloadAssembly (604ms)
			LoadAssemblies (66ms)
			RebuildTransferFunctionScriptingTraits (0ms)
			SetupTypeCache (216ms)
			ReleaseScriptCaches (1ms)
			RebuildScriptCaches (28ms)
			SetupLoadedEditorAssemblies (221ms)
				LogAssemblyErrors (0ms)
				InitializePlatformSupportModulesInManaged (4ms)
				SetLoadedEditorAssemblies (0ms)
				RefreshPlugins (0ms)
				BeforeProcessingInitializeOnLoad (56ms)
				ProcessInitializeOnLoadAttributes (149ms)
				ProcessInitializeOnLoadMethodAttributes (6ms)
				AfterProcessingInitializeOnLoad (5ms)
				EditorAssembliesLoaded (0ms)
			ExecutionOrderSort2 (0ms)
			AwakeInstancesAfterBackupRestoration (5ms)
Platform modules already initialized, skipping
Refreshing native plugins compatible for Editor in 0.34 ms, found 3 plugins.
Preloading 0 native plugins for Editor in 0.00 ms.
Unloading 1773 Unused Serialized files (Serialized files now loaded: 0)
System memory in use before: 82.1 MB.
System memory in use after: 82.2 MB.

Unloading 17 unused Assets to reduce memory usage. Loaded Objects now: 2248.
Total: 2.523600 ms (FindLiveObjects: 0.164800 ms CreateObjectMapping: 0.041700 ms MarkObjects: 2.295200 ms  DeleteObjects: 0.020700 ms)

AssetImportParameters requested are different than current active one (requested -> active):
  custom:framework-win-MediaFoundation: 216162199b28c13a410421893ffa2e32 -> 
  custom:video-decoder-ogg-theora: a1e56fd34408186e4bbccfd4996cb3dc -> 
  custom:container-muxer-webm: aa71ff27fc2769a1b78a27578f13a17b -> 
  custom:container-demuxer-webm: 4f35f7cbe854078d1ac9338744f61a02 -> 
  custom:container-demuxer-ogg: 62fdf1f143b41e24485cea50d1cbac27 -> 
  custom:video-encoder-webm-vp8: eb34c28f22e8b96e1ab97ce403110664 -> 
  custom:video-decoder-webm-vp8: 9c59270c3fd7afecdb556c50c9e8de78 -> 
  custom:audio-decoder-ogg-vorbis: bf7c407c2cedff20999df2af8eb42d56 -> 
  custom:audio-encoder-webm-vorbis: bf7c407c2cedff20999df2af8eb42d56 -> 
========================================================================
Received Import Request.
  Time since last request: 705.689654 seconds.
  path: Assets/Imported
  artifactKey: Guid(4a7e510a5a67d79439819188d7325b6c) Importer(815301076,1909f56bfc062723c751e8b465ee728b)
Start importing Assets/Imported using Guid(4a7e510a5a67d79439819188d7325b6c) Importer(815301076,1909f56bfc062723c751e8b465ee728b)  -> (artifact id: 'be224e77f2c67f847a06ed57ea72f6c8') in 0.008374 seconds 
  Import took 0.010871 seconds .

========================================================================
Received Import Request.
  Time since last request: 4.479083 seconds.
  path: Assets/Imported/SwatVan
  artifactKey: Guid(6a0b59ea6cbf6f240839ef10b542666e) Importer(815301076,1909f56bfc062723c751e8b465ee728b)
Start importing Assets/Imported/SwatVan using Guid(6a0b59ea6cbf6f240839ef10b542666e) Importer(815301076,1909f56bfc062723c751e8b465ee728b)  -> (artifact id: '7670f1192684379b8df6dfa19ce744f3') in 0.002239 seconds 
  Import took 0.004811 seconds .

========================================================================
Received Import Request.
  Time since last request: 1.185412 seconds.
  path: Assets/Imported/textures
  artifactKey: Guid(4072197d0748c3542bacd2cb42ebb3ac) Importer(815301076,1909f56bfc062723c751e8b465ee728b)
Start importing Assets/Imported/textures using Guid(4072197d0748c3542bacd2cb42ebb3ac) Importer(815301076,1909f56bfc062723c751e8b465ee728b)  -> (artifact id: '2e158f7c1915466046e5a9a474b60cd4') in 0.005768 seconds 
  Import took 0.008375 seconds .

========================================================================
Received Import Request.
  Time since last request: 0.396839 seconds.
  path: Assets/Imported/source
  artifactKey: Guid(ee2089aaab7438d41bc4c804faeda1b8) Importer(815301076,1909f56bfc062723c751e8b465ee728b)
Start importing Assets/Imported/source using Guid(ee2089aaab7438d41bc4c804faeda1b8) Importer(815301076,1909f56bfc062723c751e8b465ee728b)  -> (artifact id: '181a8e36234e3188507daccf48c94cd2') in 0.004784 seconds 
  Import took 0.007094 seconds .

========================================================================
Received Import Request.
  Time since last request: 15.442988 seconds.
  path: Assets/Imported/AlarmButton
  artifactKey: Guid(9c278ffa89483a440a4cb9f9251f50aa) Importer(815301076,1909f56bfc062723c751e8b465ee728b)
Start importing Assets/Imported/AlarmButton using Guid(9c278ffa89483a440a4cb9f9251f50aa) Importer(815301076,1909f56bfc062723c751e8b465ee728b)  -> (artifact id: 'f5d595d740315fc7235757c61118a4bc') in 0.002251 seconds 
  Import took 0.004788 seconds .

========================================================================
Received Import Request.
  Time since last request: 18.351219 seconds.
  path: Assets/Imported/AlarmButton/source
  artifactKey: Guid(1e25c3b856a1a3a4dba551ceaa9dc4d2) Importer(815301076,1909f56bfc062723c751e8b465ee728b)
Start importing Assets/Imported/AlarmButton/source using Guid(1e25c3b856a1a3a4dba551ceaa9dc4d2) Importer(815301076,1909f56bfc062723c751e8b465ee728b)  -> (artifact id: 'd6a464c89557e3d8ae72953c2a059cb3') in 0.002235 seconds 
  Import took 0.004753 seconds .

========================================================================
Received Import Request.
  Time since last request: 0.067675 seconds.
  path: Assets/Imported/AlarmButton/source/alarm_.obj
  artifactKey: Guid(89adbfb720a730f4499b0c9433a36893) Importer(815301076,1909f56bfc062723c751e8b465ee728b)
Start importing Assets/Imported/AlarmButton/source/alarm_.obj using Guid(89adbfb720a730f4499b0c9433a36893) Importer(815301076,1909f56bfc062723c751e8b465ee728b)  -> (artifact id: '6e389ff78956b8bebd8e671d7c3d06f8') in 0.085709 seconds 
  Import took 0.088679 seconds .

========================================================================
Received Import Request.
  Time since last request: 26.140288 seconds.
  path: Assets/Prefabs/Alarm.prefab
  artifactKey: Guid(92691a3372e7e114cb80a7d38e839814) Importer(815301076,1909f56bfc062723c751e8b465ee728b)
Start importing Assets/Prefabs/Alarm.prefab using Guid(92691a3372e7e114cb80a7d38e839814) Importer(815301076,1909f56bfc062723c751e8b465ee728b)  -> (artifact id: 'f15a13d17a0a5b6fc84b580a2db29481') in 0.014270 seconds 
  Import took 0.016873 seconds .

========================================================================
Received Import Request.
  Time since last request: 13.876315 seconds.
  path: Assets/Imported/AlarmButton/source/alarm_.obj
  artifactKey: Guid(89adbfb720a730f4499b0c9433a36893) Importer(815301076,1909f56bfc062723c751e8b465ee728b)
Start importing Assets/Imported/AlarmButton/source/alarm_.obj using Guid(89adbfb720a730f4499b0c9433a36893) Importer(815301076,1909f56bfc062723c751e8b465ee728b)  -> (artifact id: '9993ceb3d80a8e07591d20bab3543f7f') in 0.041917 seconds 
  Import took 0.044502 seconds .

========================================================================
Received Import Request.
  Time since last request: 0.000146 seconds.
  path: Assets/Imported/AlarmButton/source/polySurface5Mat.mat
  artifactKey: Guid(f5ef56cfa08665c439676a99047497b3) Importer(815301076,1909f56bfc062723c751e8b465ee728b)
Start importing Assets/Imported/AlarmButton/source/polySurface5Mat.mat using Guid(f5ef56cfa08665c439676a99047497b3) Importer(815301076,1909f56bfc062723c751e8b465ee728b)  -> (artifact id: 'f2df14d19e3624dec0f814291a8269bc') in 0.014320 seconds 
  Import took 0.016760 seconds .

========================================================================
Received Import Request.
  Time since last request: 0.000151 seconds.
  path: Assets/Imported/AlarmButton/source/fire_alarm_module_UV1_pCube4Mat.mat
  artifactKey: Guid(4ebea4c9b329a2b45969b7f747e710aa) Importer(815301076,1909f56bfc062723c751e8b465ee728b)
Start importing Assets/Imported/AlarmButton/source/fire_alarm_module_UV1_pCube4Mat.mat using Guid(4ebea4c9b329a2b45969b7f747e710aa) Importer(815301076,1909f56bfc062723c751e8b465ee728b)  -> (artifact id: 'f9c8fd4edd2ce655840d2d395a330984') in 0.015188 seconds 
  Import took 0.017255 seconds .

========================================================================
Received Import Request.
  Time since last request: 6.129432 seconds.
  path: Assets/Imported/AlarmButton/textures/alarm_AO.tga.png
  artifactKey: Guid(8530edfbee7a14746b56ef6c5e579437) Importer(815301076,1909f56bfc062723c751e8b465ee728b)
Start importing Assets/Imported/AlarmButton/textures/alarm_AO.tga.png using Guid(8530edfbee7a14746b56ef6c5e579437) Importer(815301076,1909f56bfc062723c751e8b465ee728b)  -> (artifact id: '928110689317943dc77880cfa63beed5') in 0.023346 seconds 
  Import took 0.025960 seconds .

========================================================================
Received Import Request.
  Time since last request: 0.000163 seconds.
  path: Assets/Imported/AlarmButton/textures/alarm_Normal.tga.png
  artifactKey: Guid(f7d50f710fa93694aa13c2dc42fccfce) Importer(815301076,1909f56bfc062723c751e8b465ee728b)
Start importing Assets/Imported/AlarmButton/textures/alarm_Normal.tga.png using Guid(f7d50f710fa93694aa13c2dc42fccfce) Importer(815301076,1909f56bfc062723c751e8b465ee728b)  -> (artifact id: '0320e0afb33fbf778333a01e850b813c') in 0.015184 seconds 
  Import took 0.017693 seconds .

========================================================================
Received Import Request.
  Time since last request: 0.000155 seconds.
  path: Assets/Imported/AlarmButton/textures/alarm_Metalness.tga.png
  artifactKey: Guid(0b5b1f2085b3c1443b186d6c349f28b0) Importer(815301076,1909f56bfc062723c751e8b465ee728b)
Start importing Assets/Imported/AlarmButton/textures/alarm_Metalness.tga.png using Guid(0b5b1f2085b3c1443b186d6c349f28b0) Importer(815301076,1909f56bfc062723c751e8b465ee728b)  -> (artifact id: '7b58739f1a129f88676d9155e5861608') in 0.023921 seconds 
  Import took 0.026330 seconds .

========================================================================
Received Import Request.
  Time since last request: 0.000150 seconds.
  path: Assets/Imported/AlarmButton/textures/alarm_BaseColor.tga.png
  artifactKey: Guid(13a0a54be445b1b4d95ee08cff57c1d2) Importer(815301076,1909f56bfc062723c751e8b465ee728b)
Start importing Assets/Imported/AlarmButton/textures/alarm_BaseColor.tga.png using Guid(13a0a54be445b1b4d95ee08cff57c1d2) Importer(815301076,1909f56bfc062723c751e8b465ee728b)  -> (artifact id: 'b531245cf27fc2cfded012a0563b417c') in 0.012034 seconds 
  Import took 0.014369 seconds .

========================================================================
Received Import Request.
  Time since last request: 0.000161 seconds.
  path: Assets/Imported/AlarmButton/textures/alarm_specular.tga.png
  artifactKey: Guid(db6ecda974252154ca354c581bfcf5d8) Importer(815301076,1909f56bfc062723c751e8b465ee728b)
Start importing Assets/Imported/AlarmButton/textures/alarm_specular.tga.png using Guid(db6ecda974252154ca354c581bfcf5d8) Importer(815301076,1909f56bfc062723c751e8b465ee728b)  -> (artifact id: 'bce31f90e3c293696cac7d0479504d7f') in 0.018137 seconds 
  Import took 0.020387 seconds .

========================================================================
Received Import Request.
  Time since last request: 0.000154 seconds.
  path: Assets/Imported/AlarmButton/textures/alarm_Roughness.tga.png
  artifactKey: Guid(55f45189a1118f9408520d0b7c11c300) Importer(815301076,1909f56bfc062723c751e8b465ee728b)
Start importing Assets/Imported/AlarmButton/textures/alarm_Roughness.tga.png using Guid(55f45189a1118f9408520d0b7c11c300) Importer(815301076,1909f56bfc062723c751e8b465ee728b)  -> (artifact id: '75a22204bf00ea46fbcbd253665f9588') in 0.017051 seconds 
  Import took 0.019523 seconds .

========================================================================
Received Import Request.
  Time since last request: 33.534167 seconds.
  path: Assets/Imported/AlarmButton/textures/alarm_Normal.tga.png
  artifactKey: Guid(f7d50f710fa93694aa13c2dc42fccfce) Importer(815301076,1909f56bfc062723c751e8b465ee728b)
Start importing Assets/Imported/AlarmButton/textures/alarm_Normal.tga.png using Guid(f7d50f710fa93694aa13c2dc42fccfce) Importer(815301076,1909f56bfc062723c751e8b465ee728b)  -> (artifact id: '26df853921b2a34149ec5d68f741f812') in 0.029798 seconds 
  Import took 0.032405 seconds .

========================================================================
Received Import Request.
  Time since last request: 24.947132 seconds.
  path: Assets/Prefabs
  artifactKey: Guid(3110cc58baa735745825badfee113913) Importer(815301076,1909f56bfc062723c751e8b465ee728b)
Start importing Assets/Prefabs using Guid(3110cc58baa735745825badfee113913) Importer(815301076,1909f56bfc062723c751e8b465ee728b)  -> (artifact id: '3338b344bbcee64ccaa57b9e45631177') in 0.005882 seconds 
  Import took 0.008806 seconds .

========================================================================
Received Import Request.
  Time since last request: 6.506011 seconds.
  path: Assets/Prefabs/Alarm.prefab
  artifactKey: Guid(92691a3372e7e114cb80a7d38e839814) Importer(815301076,1909f56bfc062723c751e8b465ee728b)
Start importing Assets/Prefabs/Alarm.prefab using Guid(92691a3372e7e114cb80a7d38e839814) Importer(815301076,1909f56bfc062723c751e8b465ee728b)  -> (artifact id: '76fff7606c28b538e7fee31cba34e24c') in 0.009369 seconds 
  Import took 0.011734 seconds .

========================================================================
Received Import Request.
  Time since last request: 0.580668 seconds.
  path: Assets/Prefabs/Alarm.prefab
  artifactKey: Guid(92691a3372e7e114cb80a7d38e839814) Importer(815301076,1909f56bfc062723c751e8b465ee728b)
Start importing Assets/Prefabs/Alarm.prefab using Guid(92691a3372e7e114cb80a7d38e839814) Importer(815301076,1909f56bfc062723c751e8b465ee728b)  -> (artifact id: '27c9f267dace6dbb9bf5db9f244320b2') in 0.003380 seconds 
  Import took 0.005951 seconds .

========================================================================
Received Import Request.
  Time since last request: 3.596272 seconds.
  path: Assets/Lighting
  artifactKey: Guid(2552a517b4687734fa5c1794e77f57de) Importer(815301076,1909f56bfc062723c751e8b465ee728b)
Start importing Assets/Lighting using Guid(2552a517b4687734fa5c1794e77f57de) Importer(815301076,1909f56bfc062723c751e8b465ee728b)  -> (artifact id: 'ea5e56e687f62737b5112549d173ac18') in 0.007339 seconds 
  Import took 0.009790 seconds .

========================================================================
Received Import Request.
  Time since last request: 11.270281 seconds.
  path: Assets/Imported/AlarmButton/source/alarm_.obj
  artifactKey: Guid(89adbfb720a730f4499b0c9433a36893) Importer(815301076,1909f56bfc062723c751e8b465ee728b)
Start importing Assets/Imported/AlarmButton/source/alarm_.obj using Guid(89adbfb720a730f4499b0c9433a36893) Importer(815301076,1909f56bfc062723c751e8b465ee728b)  -> (artifact id: 'f791da5e8628e8368382bbcdd7c096da') in 0.023644 seconds 
  Import took 0.026249 seconds .

========================================================================
Received Import Request.
  Time since last request: 13.373803 seconds.
  path: Assets/Prefabs/Alarm.prefab
  artifactKey: Guid(92691a3372e7e114cb80a7d38e839814) Importer(815301076,1909f56bfc062723c751e8b465ee728b)
Start importing Assets/Prefabs/Alarm.prefab using Guid(92691a3372e7e114cb80a7d38e839814) Importer(815301076,1909f56bfc062723c751e8b465ee728b)  -> (artifact id: '6efead70b28c15d9cfed5490407a325c') in 0.027863 seconds 
  Import took 0.030795 seconds .

========================================================================
Received Import Request.
  Time since last request: 55.913177 seconds.
  path: Assets/Prefabs/Alarm.prefab
  artifactKey: Guid(92691a3372e7e114cb80a7d38e839814) Importer(815301076,1909f56bfc062723c751e8b465ee728b)
Start importing Assets/Prefabs/Alarm.prefab using Guid(92691a3372e7e114cb80a7d38e839814) Importer(815301076,1909f56bfc062723c751e8b465ee728b)  -> (artifact id: '756938f10943ea2a36076e7a51346066') in 0.026266 seconds 
  Import took 0.029225 seconds .

========================================================================
Received Import Request.
  Time since last request: 6.809935 seconds.
  path: Assets/Prefabs/Alarm.prefab
  artifactKey: Guid(92691a3372e7e114cb80a7d38e839814) Importer(815301076,1909f56bfc062723c751e8b465ee728b)
Start importing Assets/Prefabs/Alarm.prefab using Guid(92691a3372e7e114cb80a7d38e839814) Importer(815301076,1909f56bfc062723c751e8b465ee728b)  -> (artifact id: 'ca099094d4fd5eb62402700040d1f471') in 0.017617 seconds 
  Import took 0.020620 seconds .

========================================================================
Received Import Request.
  Time since last request: 2.596300 seconds.
  path: Assets/Sounds/Alarm.mp3
  artifactKey: Guid(656f5703e36940646acd57630fffc27a) Importer(815301076,1909f56bfc062723c751e8b465ee728b)
Start importing Assets/Sounds/Alarm.mp3 using Guid(656f5703e36940646acd57630fffc27a) Importer(815301076,1909f56bfc062723c751e8b465ee728b)  -> (artifact id: 'a72ccbf154fdfe93b64f1e04f551a571') in 0.031154 seconds 
  Import took 0.033738 seconds .

========================================================================
Received Import Request.
  Time since last request: 0.956483 seconds.
  path: Assets/Prefabs/Alarm.prefab
  artifactKey: Guid(92691a3372e7e114cb80a7d38e839814) Importer(815301076,1909f56bfc062723c751e8b465ee728b)
Start importing Assets/Prefabs/Alarm.prefab using Guid(92691a3372e7e114cb80a7d38e839814) Importer(815301076,1909f56bfc062723c751e8b465ee728b)  -> (artifact id: '4473fbb6ee866030fd33be4e6f20cc2d') in 0.013857 seconds 
  Import took 0.016885 seconds .

========================================================================
Received Import Request.
  Time since last request: 1.591528 seconds.
  path: Assets/Prefabs/Alarm.prefab
  artifactKey: Guid(92691a3372e7e114cb80a7d38e839814) Importer(815301076,1909f56bfc062723c751e8b465ee728b)
Start importing Assets/Prefabs/Alarm.prefab using Guid(92691a3372e7e114cb80a7d38e839814) Importer(815301076,1909f56bfc062723c751e8b465ee728b)  -> (artifact id: 'f3cbcd1fb8b9d674b35bff109574d557') in 0.012863 seconds 
  Import took 0.015860 seconds .

========================================================================
Received Import Request.
  Time since last request: 1.801642 seconds.
  path: Assets/Prefabs/Alarm.prefab
  artifactKey: Guid(92691a3372e7e114cb80a7d38e839814) Importer(815301076,1909f56bfc062723c751e8b465ee728b)
Start importing Assets/Prefabs/Alarm.prefab using Guid(92691a3372e7e114cb80a7d38e839814) Importer(815301076,1909f56bfc062723c751e8b465ee728b)  -> (artifact id: '648fd616abcbb71a88c36d8ee710d79d') in 0.015279 seconds 
  Import took 0.018476 seconds .

========================================================================
Received Import Request.
  Time since last request: 1.389938 seconds.
  path: Assets/Prefabs/Alarm.prefab
  artifactKey: Guid(92691a3372e7e114cb80a7d38e839814) Importer(815301076,1909f56bfc062723c751e8b465ee728b)
Start importing Assets/Prefabs/Alarm.prefab using Guid(92691a3372e7e114cb80a7d38e839814) Importer(815301076,1909f56bfc062723c751e8b465ee728b)  -> (artifact id: '5b704c59d25fc9eec7252edf09515de9') in 0.015209 seconds 
  Import took 0.018118 seconds .

========================================================================
Received Import Request.
  Time since last request: 9.832789 seconds.
  path: Assets/Prefabs/Alarm.prefab
  artifactKey: Guid(92691a3372e7e114cb80a7d38e839814) Importer(815301076,1909f56bfc062723c751e8b465ee728b)
Start importing Assets/Prefabs/Alarm.prefab using Guid(92691a3372e7e114cb80a7d38e839814) Importer(815301076,1909f56bfc062723c751e8b465ee728b)  -> (artifact id: 'ee7c42bb073a1247309c42d7e6924136') in 0.013860 seconds 
  Import took 0.016938 seconds .

========================================================================
Received Prepare
Registering precompiled user dll's ...
Registered in 0.003553 seconds.
Begin MonoManager ReloadAssembly
Native extension for WindowsStandalone target not found
Native extension for OSXStandalone target not found
Refreshing native plugins compatible for Editor in 0.39 ms, found 3 plugins.
Preloading 0 native plugins for Editor in 0.00 ms.
Mono: successfully reloaded assembly
- Completed reload, in  0.775 seconds
Domain Reload Profiling:
	ReloadAssembly (775ms)
		BeginReloadAssembly (97ms)
			ExecutionOrderSort (0ms)
			DisableScriptedObjects (3ms)
			BackupInstance (0ms)
			ReleaseScriptingObjects (0ms)
			CreateAndSetChildDomain (27ms)
		EndReloadAssembly (627ms)
			LoadAssemblies (67ms)
			RebuildTransferFunctionScriptingTraits (0ms)
			SetupTypeCache (226ms)
			ReleaseScriptCaches (1ms)
			RebuildScriptCaches (31ms)
			SetupLoadedEditorAssemblies (228ms)
				LogAssemblyErrors (0ms)
				InitializePlatformSupportModulesInManaged (5ms)
				SetLoadedEditorAssemblies (0ms)
				RefreshPlugins (0ms)
				BeforeProcessingInitializeOnLoad (58ms)
				ProcessInitializeOnLoadAttributes (152ms)
				ProcessInitializeOnLoadMethodAttributes (6ms)
				AfterProcessingInitializeOnLoad (6ms)
				EditorAssembliesLoaded (0ms)
			ExecutionOrderSort2 (0ms)
			AwakeInstancesAfterBackupRestoration (5ms)
Platform modules already initialized, skipping
Refreshing native plugins compatible for Editor in 0.39 ms, found 3 plugins.
Preloading 0 native plugins for Editor in 0.00 ms.
Unloading 1773 Unused Serialized files (Serialized files now loaded: 0)
System memory in use before: 82.6 MB.
System memory in use after: 82.7 MB.

Unloading 16 unused Assets to reduce memory usage. Loaded Objects now: 2292.
Total: 2.537800 ms (FindLiveObjects: 0.172100 ms CreateObjectMapping: 0.036500 ms MarkObjects: 2.315900 ms  DeleteObjects: 0.012600 ms)

AssetImportParameters requested are different than current active one (requested -> active):
  custom:framework-win-MediaFoundation: 216162199b28c13a410421893ffa2e32 -> 
  custom:video-decoder-ogg-theora: a1e56fd34408186e4bbccfd4996cb3dc -> 
  custom:container-muxer-webm: aa71ff27fc2769a1b78a27578f13a17b -> 
  custom:container-demuxer-webm: 4f35f7cbe854078d1ac9338744f61a02 -> 
  custom:container-demuxer-ogg: 62fdf1f143b41e24485cea50d1cbac27 -> 
  custom:video-encoder-webm-vp8: eb34c28f22e8b96e1ab97ce403110664 -> 
  custom:video-decoder-webm-vp8: 9c59270c3fd7afecdb556c50c9e8de78 -> 
  custom:audio-decoder-ogg-vorbis: bf7c407c2cedff20999df2af8eb42d56 -> 
  custom:audio-encoder-webm-vorbis: bf7c407c2cedff20999df2af8eb42d56 -> 
========================================================================
Received Import Request.
  Time since last request: 90.752848 seconds.
  path: ProjectSettings/TagManager.asset
  artifactKey: Guid(00000000000000003000000000000000) Importer(815301076,1909f56bfc062723c751e8b465ee728b)
Start importing ProjectSettings/TagManager.asset using Guid(00000000000000003000000000000000) Importer(815301076,1909f56bfc062723c751e8b465ee728b)  -> (artifact id: 'f47be1fa69f0902ff6fbcdc7a2ec7d21') in 0.016430 seconds 
  Import took 0.019060 seconds .

========================================================================
Received Prepare
Registering precompiled user dll's ...
Registered in 0.003511 seconds.
Begin MonoManager ReloadAssembly
Native extension for WindowsStandalone target not found
Native extension for OSXStandalone target not found
Refreshing native plugins compatible for Editor in 0.39 ms, found 3 plugins.
Preloading 0 native plugins for Editor in 0.00 ms.
Mono: successfully reloaded assembly
- Completed reload, in  0.753 seconds
Domain Reload Profiling:
	ReloadAssembly (754ms)
		BeginReloadAssembly (88ms)
			ExecutionOrderSort (0ms)
			DisableScriptedObjects (3ms)
			BackupInstance (0ms)
			ReleaseScriptingObjects (0ms)
			CreateAndSetChildDomain (26ms)
		EndReloadAssembly (614ms)
			LoadAssemblies (66ms)
			RebuildTransferFunctionScriptingTraits (0ms)
			SetupTypeCache (220ms)
			ReleaseScriptCaches (1ms)
			RebuildScriptCaches (31ms)
			SetupLoadedEditorAssemblies (223ms)
				LogAssemblyErrors (0ms)
				InitializePlatformSupportModulesInManaged (4ms)
				SetLoadedEditorAssemblies (0ms)
				RefreshPlugins (0ms)
				BeforeProcessingInitializeOnLoad (58ms)
				ProcessInitializeOnLoadAttributes (148ms)
				ProcessInitializeOnLoadMethodAttributes (6ms)
				AfterProcessingInitializeOnLoad (5ms)
				EditorAssembliesLoaded (0ms)
			ExecutionOrderSort2 (0ms)
			AwakeInstancesAfterBackupRestoration (4ms)
Platform modules already initialized, skipping
Refreshing native plugins compatible for Editor in 0.36 ms, found 3 plugins.
Preloading 0 native plugins for Editor in 0.00 ms.
Unloading 1773 Unused Serialized files (Serialized files now loaded: 0)
System memory in use before: 82.6 MB.
System memory in use after: 82.7 MB.

Unloading 17 unused Assets to reduce memory usage. Loaded Objects now: 2294.
Total: 2.700500 ms (FindLiveObjects: 0.160300 ms CreateObjectMapping: 0.036100 ms MarkObjects: 2.483100 ms  DeleteObjects: 0.020100 ms)

AssetImportParameters requested are different than current active one (requested -> active):
  custom:framework-win-MediaFoundation: 216162199b28c13a410421893ffa2e32 -> 
  custom:video-decoder-ogg-theora: a1e56fd34408186e4bbccfd4996cb3dc -> 
  custom:container-muxer-webm: aa71ff27fc2769a1b78a27578f13a17b -> 
  custom:container-demuxer-webm: 4f35f7cbe854078d1ac9338744f61a02 -> 
  custom:container-demuxer-ogg: 62fdf1f143b41e24485cea50d1cbac27 -> 
  custom:video-encoder-webm-vp8: eb34c28f22e8b96e1ab97ce403110664 -> 
  custom:video-decoder-webm-vp8: 9c59270c3fd7afecdb556c50c9e8de78 -> 
  custom:audio-decoder-ogg-vorbis: bf7c407c2cedff20999df2af8eb42d56 -> 
  custom:audio-encoder-webm-vorbis: bf7c407c2cedff20999df2af8eb42d56 -> 
========================================================================
Received Prepare
Registering precompiled user dll's ...
Registered in 0.003518 seconds.
Begin MonoManager ReloadAssembly
Native extension for WindowsStandalone target not found
Native extension for OSXStandalone target not found
Refreshing native plugins compatible for Editor in 0.40 ms, found 3 plugins.
Preloading 0 native plugins for Editor in 0.00 ms.
Mono: successfully reloaded assembly
- Completed reload, in  0.762 seconds
Domain Reload Profiling:
	ReloadAssembly (763ms)
		BeginReloadAssembly (96ms)
			ExecutionOrderSort (0ms)
			DisableScriptedObjects (3ms)
			BackupInstance (0ms)
			ReleaseScriptingObjects (0ms)
			CreateAndSetChildDomain (24ms)
		EndReloadAssembly (615ms)
			LoadAssemblies (66ms)
			RebuildTransferFunctionScriptingTraits (0ms)
			SetupTypeCache (215ms)
			ReleaseScriptCaches (1ms)
			RebuildScriptCaches (30ms)
			SetupLoadedEditorAssemblies (228ms)
				LogAssemblyErrors (0ms)
				InitializePlatformSupportModulesInManaged (4ms)
				SetLoadedEditorAssemblies (0ms)
				RefreshPlugins (0ms)
				BeforeProcessingInitializeOnLoad (59ms)
				ProcessInitializeOnLoadAttributes (152ms)
				ProcessInitializeOnLoadMethodAttributes (7ms)
				AfterProcessingInitializeOnLoad (6ms)
				EditorAssembliesLoaded (0ms)
			ExecutionOrderSort2 (0ms)
			AwakeInstancesAfterBackupRestoration (5ms)
Platform modules already initialized, skipping
Refreshing native plugins compatible for Editor in 0.39 ms, found 3 plugins.
Preloading 0 native plugins for Editor in 0.00 ms.
Unloading 1773 Unused Serialized files (Serialized files now loaded: 0)
System memory in use before: 82.6 MB.
System memory in use after: 82.7 MB.

Unloading 16 unused Assets to reduce memory usage. Loaded Objects now: 2296.
Total: 3.274300 ms (FindLiveObjects: 0.169100 ms CreateObjectMapping: 0.036000 ms MarkObjects: 3.051000 ms  DeleteObjects: 0.017200 ms)

AssetImportParameters requested are different than current active one (requested -> active):
  custom:framework-win-MediaFoundation: 216162199b28c13a410421893ffa2e32 -> 
  custom:video-decoder-ogg-theora: a1e56fd34408186e4bbccfd4996cb3dc -> 
  custom:container-muxer-webm: aa71ff27fc2769a1b78a27578f13a17b -> 
  custom:container-demuxer-webm: 4f35f7cbe854078d1ac9338744f61a02 -> 
  custom:container-demuxer-ogg: 62fdf1f143b41e24485cea50d1cbac27 -> 
  custom:video-encoder-webm-vp8: eb34c28f22e8b96e1ab97ce403110664 -> 
  custom:video-decoder-webm-vp8: 9c59270c3fd7afecdb556c50c9e8de78 -> 
  custom:audio-decoder-ogg-vorbis: bf7c407c2cedff20999df2af8eb42d56 -> 
  custom:audio-encoder-webm-vorbis: bf7c407c2cedff20999df2af8eb42d56 -> 
========================================================================
Received Prepare
Registering precompiled user dll's ...
Registered in 0.003782 seconds.
Begin MonoManager ReloadAssembly
Native extension for WindowsStandalone target not found
Native extension for OSXStandalone target not found
Refreshing native plugins compatible for Editor in 0.41 ms, found 3 plugins.
Preloading 0 native plugins for Editor in 0.00 ms.
Mono: successfully reloaded assembly
- Completed reload, in  0.748 seconds
Domain Reload Profiling:
	ReloadAssembly (748ms)
		BeginReloadAssembly (89ms)
			ExecutionOrderSort (0ms)
			DisableScriptedObjects (3ms)
			BackupInstance (0ms)
			ReleaseScriptingObjects (0ms)
			CreateAndSetChildDomain (24ms)
		EndReloadAssembly (607ms)
			LoadAssemblies (65ms)
			RebuildTransferFunctionScriptingTraits (0ms)
			SetupTypeCache (217ms)
			ReleaseScriptCaches (1ms)
			RebuildScriptCaches (29ms)
			SetupLoadedEditorAssemblies (222ms)
				LogAssemblyErrors (0ms)
				InitializePlatformSupportModulesInManaged (4ms)
				SetLoadedEditorAssemblies (0ms)
				RefreshPlugins (0ms)
				BeforeProcessingInitializeOnLoad (57ms)
				ProcessInitializeOnLoadAttributes (148ms)
				ProcessInitializeOnLoadMethodAttributes (6ms)
				AfterProcessingInitializeOnLoad (5ms)
				EditorAssembliesLoaded (0ms)
			ExecutionOrderSort2 (0ms)
			AwakeInstancesAfterBackupRestoration (5ms)
Platform modules already initialized, skipping
Refreshing native plugins compatible for Editor in 0.39 ms, found 3 plugins.
Preloading 0 native plugins for Editor in 0.00 ms.
Unloading 1773 Unused Serialized files (Serialized files now loaded: 0)
System memory in use before: 82.6 MB.
System memory in use after: 82.7 MB.

Unloading 16 unused Assets to reduce memory usage. Loaded Objects now: 2298.
Total: 2.668300 ms (FindLiveObjects: 0.167800 ms CreateObjectMapping: 0.035600 ms MarkObjects: 2.446400 ms  DeleteObjects: 0.017400 ms)

AssetImportParameters requested are different than current active one (requested -> active):
  custom:framework-win-MediaFoundation: 216162199b28c13a410421893ffa2e32 -> 
  custom:video-decoder-ogg-theora: a1e56fd34408186e4bbccfd4996cb3dc -> 
  custom:container-muxer-webm: aa71ff27fc2769a1b78a27578f13a17b -> 
  custom:container-demuxer-webm: 4f35f7cbe854078d1ac9338744f61a02 -> 
  custom:container-demuxer-ogg: 62fdf1f143b41e24485cea50d1cbac27 -> 
  custom:video-encoder-webm-vp8: eb34c28f22e8b96e1ab97ce403110664 -> 
  custom:video-decoder-webm-vp8: 9c59270c3fd7afecdb556c50c9e8de78 -> 
  custom:audio-decoder-ogg-vorbis: bf7c407c2cedff20999df2af8eb42d56 -> 
  custom:audio-encoder-webm-vorbis: bf7c407c2cedff20999df2af8eb42d56 -> 
========================================================================
Received Prepare
Registering precompiled user dll's ...
Registered in 0.003651 seconds.
Begin MonoManager ReloadAssembly
Native extension for WindowsStandalone target not found
Native extension for OSXStandalone target not found
Refreshing native plugins compatible for Editor in 0.42 ms, found 3 plugins.
Preloading 0 native plugins for Editor in 0.00 ms.
Mono: successfully reloaded assembly
- Completed reload, in  0.764 seconds
Domain Reload Profiling:
	ReloadAssembly (764ms)
		BeginReloadAssembly (94ms)
			ExecutionOrderSort (0ms)
			DisableScriptedObjects (3ms)
			BackupInstance (0ms)
			ReleaseScriptingObjects (0ms)
			CreateAndSetChildDomain (25ms)
		EndReloadAssembly (619ms)
			LoadAssemblies (65ms)
			RebuildTransferFunctionScriptingTraits (0ms)
			SetupTypeCache (215ms)
			ReleaseScriptCaches (1ms)
			RebuildScriptCaches (31ms)
			SetupLoadedEditorAssemblies (232ms)
				LogAssemblyErrors (0ms)
				InitializePlatformSupportModulesInManaged (4ms)
				SetLoadedEditorAssemblies (0ms)
				RefreshPlugins (0ms)
				BeforeProcessingInitializeOnLoad (64ms)
				ProcessInitializeOnLoadAttributes (151ms)
				ProcessInitializeOnLoadMethodAttributes (6ms)
				AfterProcessingInitializeOnLoad (5ms)
				EditorAssembliesLoaded (0ms)
			ExecutionOrderSort2 (0ms)
			AwakeInstancesAfterBackupRestoration (5ms)
Platform modules already initialized, skipping
Refreshing native plugins compatible for Editor in 0.39 ms, found 3 plugins.
Preloading 0 native plugins for Editor in 0.00 ms.
Unloading 1773 Unused Serialized files (Serialized files now loaded: 0)
System memory in use before: 82.6 MB.
System memory in use after: 82.7 MB.

Unloading 16 unused Assets to reduce memory usage. Loaded Objects now: 2300.
Total: 2.770400 ms (FindLiveObjects: 0.166800 ms CreateObjectMapping: 0.035700 ms MarkObjects: 2.549200 ms  DeleteObjects: 0.017900 ms)

AssetImportParameters requested are different than current active one (requested -> active):
  custom:framework-win-MediaFoundation: 216162199b28c13a410421893ffa2e32 -> 
  custom:video-decoder-ogg-theora: a1e56fd34408186e4bbccfd4996cb3dc -> 
  custom:container-muxer-webm: aa71ff27fc2769a1b78a27578f13a17b -> 
  custom:container-demuxer-webm: 4f35f7cbe854078d1ac9338744f61a02 -> 
  custom:container-demuxer-ogg: 62fdf1f143b41e24485cea50d1cbac27 -> 
  custom:video-encoder-webm-vp8: eb34c28f22e8b96e1ab97ce403110664 -> 
  custom:video-decoder-webm-vp8: 9c59270c3fd7afecdb556c50c9e8de78 -> 
  custom:audio-decoder-ogg-vorbis: bf7c407c2cedff20999df2af8eb42d56 -> 
  custom:audio-encoder-webm-vorbis: bf7c407c2cedff20999df2af8eb42d56 -> 
========================================================================
Received Prepare
Registering precompiled user dll's ...
Registered in 0.003622 seconds.
Begin MonoManager ReloadAssembly
Native extension for WindowsStandalone target not found
Native extension for OSXStandalone target not found
Refreshing native plugins compatible for Editor in 0.39 ms, found 3 plugins.
Preloading 0 native plugins for Editor in 0.00 ms.
Mono: successfully reloaded assembly
- Completed reload, in  0.750 seconds
Domain Reload Profiling:
	ReloadAssembly (750ms)
		BeginReloadAssembly (92ms)
			ExecutionOrderSort (0ms)
			DisableScriptedObjects (3ms)
			BackupInstance (0ms)
			ReleaseScriptingObjects (0ms)
			CreateAndSetChildDomain (24ms)
		EndReloadAssembly (606ms)
			LoadAssemblies (66ms)
			RebuildTransferFunctionScriptingTraits (0ms)
			SetupTypeCache (209ms)
			ReleaseScriptCaches (1ms)
			RebuildScriptCaches (30ms)
			SetupLoadedEditorAssemblies (227ms)
				LogAssemblyErrors (0ms)
				InitializePlatformSupportModulesInManaged (4ms)
				SetLoadedEditorAssemblies (0ms)
				RefreshPlugins (0ms)
				BeforeProcessingInitializeOnLoad (58ms)
				ProcessInitializeOnLoadAttributes (153ms)
				ProcessInitializeOnLoadMethodAttributes (6ms)
				AfterProcessingInitializeOnLoad (5ms)
				EditorAssembliesLoaded (0ms)
			ExecutionOrderSort2 (0ms)
			AwakeInstancesAfterBackupRestoration (5ms)
Platform modules already initialized, skipping
Refreshing native plugins compatible for Editor in 0.42 ms, found 3 plugins.
Preloading 0 native plugins for Editor in 0.00 ms.
Unloading 1773 Unused Serialized files (Serialized files now loaded: 0)
System memory in use before: 82.6 MB.
System memory in use after: 82.7 MB.

Unloading 16 unused Assets to reduce memory usage. Loaded Objects now: 2302.
Total: 2.578500 ms (FindLiveObjects: 0.168400 ms CreateObjectMapping: 0.036200 ms MarkObjects: 2.356000 ms  DeleteObjects: 0.017000 ms)

AssetImportParameters requested are different than current active one (requested -> active):
  custom:framework-win-MediaFoundation: 216162199b28c13a410421893ffa2e32 -> 
  custom:video-decoder-ogg-theora: a1e56fd34408186e4bbccfd4996cb3dc -> 
  custom:container-muxer-webm: aa71ff27fc2769a1b78a27578f13a17b -> 
  custom:container-demuxer-webm: 4f35f7cbe854078d1ac9338744f61a02 -> 
  custom:container-demuxer-ogg: 62fdf1f143b41e24485cea50d1cbac27 -> 
  custom:video-encoder-webm-vp8: eb34c28f22e8b96e1ab97ce403110664 -> 
  custom:video-decoder-webm-vp8: 9c59270c3fd7afecdb556c50c9e8de78 -> 
  custom:audio-decoder-ogg-vorbis: bf7c407c2cedff20999df2af8eb42d56 -> 
  custom:audio-encoder-webm-vorbis: bf7c407c2cedff20999df2af8eb42d56 -> 
========================================================================
Received Prepare
Registering precompiled user dll's ...
Registered in 0.003718 seconds.
Begin MonoManager ReloadAssembly
Native extension for WindowsStandalone target not found
Native extension for OSXStandalone target not found
Refreshing native plugins compatible for Editor in 0.42 ms, found 3 plugins.
Preloading 0 native plugins for Editor in 0.00 ms.
Mono: successfully reloaded assembly
- Completed reload, in  0.779 seconds
Domain Reload Profiling:
	ReloadAssembly (779ms)
		BeginReloadAssembly (87ms)
			ExecutionOrderSort (0ms)
			DisableScriptedObjects (4ms)
			BackupInstance (0ms)
			ReleaseScriptingObjects (0ms)
			CreateAndSetChildDomain (24ms)
		EndReloadAssembly (639ms)
			LoadAssemblies (68ms)
			RebuildTransferFunctionScriptingTraits (0ms)
			SetupTypeCache (229ms)
			ReleaseScriptCaches (1ms)
			RebuildScriptCaches (31ms)
			SetupLoadedEditorAssemblies (233ms)
				LogAssemblyErrors (0ms)
				InitializePlatformSupportModulesInManaged (4ms)
				SetLoadedEditorAssemblies (0ms)
				RefreshPlugins (0ms)
				BeforeProcessingInitializeOnLoad (61ms)
				ProcessInitializeOnLoadAttributes (155ms)
				ProcessInitializeOnLoadMethodAttributes (7ms)
				AfterProcessingInitializeOnLoad (6ms)
				EditorAssembliesLoaded (0ms)
			ExecutionOrderSort2 (0ms)
			AwakeInstancesAfterBackupRestoration (5ms)
Platform modules already initialized, skipping
Refreshing native plugins compatible for Editor in 0.40 ms, found 3 plugins.
Preloading 0 native plugins for Editor in 0.00 ms.
Unloading 1773 Unused Serialized files (Serialized files now loaded: 0)
System memory in use before: 82.6 MB.
System memory in use after: 82.7 MB.

Unloading 16 unused Assets to reduce memory usage. Loaded Objects now: 2304.
Total: 2.870900 ms (FindLiveObjects: 0.226900 ms CreateObjectMapping: 0.053500 ms MarkObjects: 2.570300 ms  DeleteObjects: 0.018400 ms)

AssetImportParameters requested are different than current active one (requested -> active):
  custom:framework-win-MediaFoundation: 216162199b28c13a410421893ffa2e32 -> 
  custom:video-decoder-ogg-theora: a1e56fd34408186e4bbccfd4996cb3dc -> 
  custom:container-muxer-webm: aa71ff27fc2769a1b78a27578f13a17b -> 
  custom:container-demuxer-webm: 4f35f7cbe854078d1ac9338744f61a02 -> 
  custom:container-demuxer-ogg: 62fdf1f143b41e24485cea50d1cbac27 -> 
  custom:video-encoder-webm-vp8: eb34c28f22e8b96e1ab97ce403110664 -> 
  custom:video-decoder-webm-vp8: 9c59270c3fd7afecdb556c50c9e8de78 -> 
  custom:audio-decoder-ogg-vorbis: bf7c407c2cedff20999df2af8eb42d56 -> 
  custom:audio-encoder-webm-vorbis: bf7c407c2cedff20999df2af8eb42d56 -> 
AssetImportWorkerClient::OnTransportError - code=2 error=End of file
